2019-05-22 13:01:42,656 [Worker-2: Loading available Gradle versions] INFO  o.e.b.c.i.u.g.PublishedGradleVersions - Gradle version information cache is up-to-date. Trying to read.
2019-05-22 13:04:36,727 [Worker-1: Import Getting Started Content] INFO  o.e.m.c.i.l.LifecycleMappingFactory - Using org.eclipse.m2e.jdt.JarLifecycleMapping lifecycle mapping for MavenProject: com.origin:Locadora-Origin-api:0.0.1-SNAPSHOT @ /home/henrique/Documentos/Trabalho-BancoDeDadosII/Locadora-Origin-api/pom.xml.
2019-05-22 13:04:38,946 [Worker-1: Import Getting Started Content] INFO  o.e.m.j.i.AbstractJavaProjectConfigurator - Adding source folder /Locadora-Origin-api/src/main/java
2019-05-22 13:04:38,947 [Worker-1: Import Getting Started Content] INFO  o.e.m.j.i.AbstractJavaProjectConfigurator - Adding resource folder /Locadora-Origin-api/src/main/resources
2019-05-22 13:04:38,958 [Worker-1: Import Getting Started Content] INFO  o.e.m.j.i.AbstractJavaProjectConfigurator - Adding resource folder /Locadora-Origin-api/src/main/resources
2019-05-22 13:04:38,980 [Worker-1: Import Getting Started Content] INFO  o.e.m.j.i.AbstractJavaProjectConfigurator - Adding source folder /Locadora-Origin-api/src/test/java
2019-05-22 13:04:39,458 [Worker-1: Import Getting Started Content] INFO  o.e.m.c.i.p.ProjectConfigurationManager - Imported and configured 1 project(s) in 5 sec
2019-05-22 13:04:39,462 [Worker-1: Import Getting Started Content] INFO  o.e.m.c.i.p.ProjectConfigurationManager - Update started
2019-05-22 13:04:40,281 [Worker-1: Import Getting Started Content] INFO  o.e.m.c.i.l.LifecycleMappingFactory - Using org.eclipse.m2e.jdt.JarLifecycleMapping lifecycle mapping for MavenProject: com.origin:Locadora-Origin-api:0.0.1-SNAPSHOT @ /home/henrique/Documentos/Trabalho-BancoDeDadosII/Locadora-Origin-api/pom.xml.
2019-05-22 13:04:42,331 [Worker-1: Import Getting Started Content] INFO  o.e.m.j.i.AbstractJavaProjectConfigurator - Adding source folder /Locadora-Origin-api/src/main/java
2019-05-22 13:04:42,331 [Worker-1: Import Getting Started Content] INFO  o.e.m.j.i.AbstractJavaProjectConfigurator - Adding resource folder /Locadora-Origin-api/src/main/resources
2019-05-22 13:04:42,332 [Worker-1: Import Getting Started Content] INFO  o.e.m.j.i.AbstractJavaProjectConfigurator - Adding resource folder /Locadora-Origin-api/src/main/resources
2019-05-22 13:04:42,334 [Worker-1: Import Getting Started Content] INFO  o.e.m.j.i.AbstractJavaProjectConfigurator - Adding source folder /Locadora-Origin-api/src/test/java
2019-05-22 13:04:42,761 [Worker-1: Import Getting Started Content] INFO  o.e.m.c.i.p.ProjectConfigurationManager - Update completed: 3 sec
2019-05-22 13:04:44,177 [Worker-6: Building workspace] INFO  o.e.m.c.i.embedder.EclipseLogger - Using 'UTF-8' encoding to copy filtered resources.
2019-05-22 13:04:44,236 [Worker-6: Building workspace] INFO  o.e.m.c.i.embedder.EclipseLogger - Copying 1 resource
2019-05-22 13:04:44,257 [Worker-6: Building workspace] INFO  o.e.m.c.i.embedder.EclipseLogger - Copying 0 resource
2019-05-22 13:04:44,261 [Worker-6: Building workspace] INFO  o.e.m.c.i.embedder.EclipseLogger - Using 'UTF-8' encoding to copy filtered resources.
2019-05-22 13:04:44,261 [Worker-6: Building workspace] INFO  o.e.m.c.i.embedder.EclipseLogger - skip non existing resourceDirectory /home/henrique/Documentos/Trabalho-BancoDeDadosII/Locadora-Origin-api/src/test/resources
2019-05-22 13:05:01,688 [Worker-7: Updating Maven Project] INFO  o.e.m.c.i.p.ProjectConfigurationManager - Update started
2019-05-22 13:05:02,351 [Worker-7: Updating Maven Project] INFO  o.e.m.c.i.l.LifecycleMappingFactory - Using org.eclipse.m2e.jdt.JarLifecycleMapping lifecycle mapping for MavenProject: com.origin:Locadora-Origin-api:0.0.1-SNAPSHOT @ /home/henrique/Documentos/Trabalho-BancoDeDadosII/Locadora-Origin-api/pom.xml.
2019-05-22 13:05:03,212 [Worker-7: Updating Maven Project] INFO  o.e.m.j.i.AbstractJavaProjectConfigurator - Adding source folder /Locadora-Origin-api/src/main/java
2019-05-22 13:05:03,213 [Worker-7: Updating Maven Project] INFO  o.e.m.j.i.AbstractJavaProjectConfigurator - Adding resource folder /Locadora-Origin-api/src/main/resources
2019-05-22 13:05:03,215 [Worker-7: Updating Maven Project] INFO  o.e.m.j.i.AbstractJavaProjectConfigurator - Adding resource folder /Locadora-Origin-api/src/main/resources
2019-05-22 13:05:03,220 [Worker-7: Updating Maven Project] INFO  o.e.m.j.i.AbstractJavaProjectConfigurator - Adding source folder /Locadora-Origin-api/src/test/java
2019-05-22 13:05:03,531 [Worker-7: Updating Maven Project] INFO  o.e.m.c.i.p.ProjectConfigurationManager - Update completed: 1 sec
2019-05-22 13:05:04,237 [Worker-6: Building workspace] INFO  o.e.m.c.i.embedder.EclipseLogger - Using 'UTF-8' encoding to copy filtered resources.
2019-05-22 13:05:04,237 [Worker-6: Building workspace] INFO  o.e.m.c.i.embedder.EclipseLogger - Copying 1 resource
2019-05-22 13:05:04,256 [Worker-6: Building workspace] INFO  o.e.m.c.i.embedder.EclipseLogger - Copying 0 resource
2019-05-22 13:05:04,262 [Worker-6: Building workspace] INFO  o.e.m.c.i.embedder.EclipseLogger - Using 'UTF-8' encoding to copy filtered resources.
2019-05-22 13:05:04,263 [Worker-6: Building workspace] INFO  o.e.m.c.i.embedder.EclipseLogger - skip non existing resourceDirectory /home/henrique/Documentos/Trabalho-BancoDeDadosII/Locadora-Origin-api/src/test/resources
